\BOOKMARK [1][-]{section.1}{Introduction}{}% 1
\BOOKMARK [2][-]{subsection.1.1}{On green roofs}{section.1}% 2
\BOOKMARK [2][-]{subsection.1.2}{Benefits}{section.1}% 3
\BOOKMARK [2][-]{subsection.1.3}{Adoption}{section.1}% 4
\BOOKMARK [2][-]{subsection.1.4}{Target Audience}{section.1}% 5
\BOOKMARK [2][-]{subsection.1.5}{Purpose and significance of research question}{section.1}% 6
\BOOKMARK [3][-]{subsubsection.1.5.1}{Purpose and motivation}{subsection.1.5}% 7
\BOOKMARK [3][-]{subsubsection.1.5.2}{Significance}{subsection.1.5}% 8
\BOOKMARK [1][-]{section.2}{A closer look at the benefits of green roofs}{}% 9
\BOOKMARK [2][-]{subsection.2.1}{Economic benefits}{section.2}% 10
\BOOKMARK [2][-]{subsection.2.2}{Environmental benefits}{section.2}% 11
\BOOKMARK [1][-]{section.3}{Methodology}{}% 12
\BOOKMARK [2][-]{subsection.3.1}{Data collection}{section.3}% 13
\BOOKMARK [2][-]{subsection.3.2}{Results}{section.3}% 14
\BOOKMARK [1][-]{section.4}{Social factors regarding green roofs}{}% 15
\BOOKMARK [2][-]{subsection.4.1}{General perception of green roofs}{section.4}% 16
\BOOKMARK [1][-]{section.5}{Possible implementation methods}{}% 17
\BOOKMARK [1][-]{section.6}{Conclusion}{}% 18
\BOOKMARK [1][-]{section*.19}{References}{}% 19
\BOOKMARK [1][-]{section*.20}{Appendices}{}% 20
\BOOKMARK [1][-]{appendix.1.A}{Research project timeline}{}% 21
